<?xml version="1.0" encoding="utf-8"?><testsuites name="pytest tests"><testsuite name="pytest" errors="0" failures="0" skipped="0" tests="10" time="1.507" timestamp="2026-03-17T23:05:38.716399+00:00" hostname="agent-env-b0b88eb3-70d9-40d9-8337-5ec94abc83ab"><testcase classname="tests.test_corrections_api.TestCorrectionsAPI" name="test_get_corrections_returns_list" time="0.169" /><testcase classname="tests.test_corrections_api.TestCorrectionsAPI" name="test_get_corrections_has_14_items" time="0.139" /><testcase classname="tests.test_corrections_api.TestCorrectionsAPI" name="test_correction_structure" time="0.147" /><testcase classname="tests.test_corrections_api.TestCorrectionsAPI" name="test_correction_data_types" time="0.175" /><testcase classname="tests.test_corrections_api.TestCorrectionsAPI" name="test_delete_without_password_returns_401" time="0.134" /><testcase classname="tests.test_corrections_api.TestCorrectionsAPI" name="test_delete_with_wrong_password_returns_401" time="0.147" /><testcase classname="tests.test_corrections_api.TestCorrectionsAPI" name="test_delete_single_without_password_returns_401" time="0.157" /><testcase classname="tests.test_corrections_api.TestCorrectionsAPI" name="test_delete_single_endpoint_structure_verified" time="0.125" /><testcase classname="tests.test_corrections_api.TestCorrectionsAPI" name="test_corrections_have_corrected_at_date" time="0.126" /><testcase classname="tests.test_corrections_api.TestCorrectionsAPI" name="test_corrections_contain_fiat_500e" time="0.139" /></testsuite></testsuites>