<?xml version="1.0" encoding="utf-8"?><testsuites name="pytest tests"><testsuite name="pytest" errors="0" failures="0" skipped="0" tests="20" time="2.585" timestamp="2026-04-01T16:41:32.219750+00:00" hostname="agent-env-b0b88eb3-70d9-40d9-8337-5ec94abc83ab"><testcase classname="tests.test_km_adjustments.TestTermExpansion" name="test_24_27" time="0.035" /><testcase classname="tests.test_km_adjustments.TestTermExpansion" name="test_36_42" time="0.000" /><testcase classname="tests.test_km_adjustments.TestTermExpansion" name="test_48_54" time="0.000" /><testcase classname="tests.test_km_adjustments.TestTermExpansion" name="test_60_single" time="0.000" /><testcase classname="tests.test_km_adjustments.TestTermExpansion" name="test_60_no_suffix" time="0.000" /><testcase classname="tests.test_km_adjustments.TestTermExpansion" name="test_dash_variant" time="0.000" /><testcase classname="tests.test_km_adjustments.TestTermExpansion" name="test_empty" time="0.000" /><testcase classname="tests.test_km_adjustments.TestEnhancementParsing" name="test_plus_1" time="0.000" /><testcase classname="tests.test_km_adjustments.TestEnhancementParsing" name="test_plus_5" time="0.000" /><testcase classname="tests.test_km_adjustments.TestEnhancementParsing" name="test_no_plus" time="0.000" /><testcase classname="tests.test_km_adjustments.TestEnhancementParsing" name="test_empty" time="0.000" /><testcase classname="tests.test_km_adjustments.TestEnhancementParsing" name="test_none" time="0.000" /><testcase classname="tests.test_km_adjustments.TestParseGeneralRules" name="test_feb_extraction_source" time="0.343" /><testcase classname="tests.test_km_adjustments.TestParseGeneralRules" name="test_feb_has_both_km_types" time="0.344" /><testcase classname="tests.test_km_adjustments.TestParseGeneralRules" name="test_feb_18k_values" time="0.345" /><testcase classname="tests.test_km_adjustments.TestParseGeneralRules" name="test_feb_12k_values" time="0.343" /><testcase classname="tests.test_km_adjustments.TestParseGeneralRules" name="test_feb_standard_km" time="0.344" /><testcase classname="tests.test_km_adjustments.TestParseGeneralRules" name="test_march_extraction_source" time="0.404" /><testcase classname="tests.test_km_adjustments.TestParseGeneralRules" name="test_march_all_terms_covered" time="0.402" /><testcase classname="tests.test_km_adjustments.TestDefaultFallback" name="test_defaults_structure" time="0.000" /></testsuite></testsuites>