<?xml version="1.0" encoding="utf-8"?><testsuites name="pytest tests"><testsuite name="pytest" errors="0" failures="0" skipped="0" tests="17" time="10.073" timestamp="2026-03-13T15:08:30.595745+00:00" hostname="agent-env-14492b51-2fb4-448b-b548-a445ac75ab3f"><testcase classname="backend.tests.test_march_2026_bugfixes.TestMarch2026ProgramCounts" name="test_total_programs_count" time="0.234" /><testcase classname="backend.tests.test_march_2026_bugfixes.TestMarch2026ProgramCounts" name="test_programs_by_year" time="0.123" /><testcase classname="backend.tests.test_march_2026_bugfixes.TestMarch2026ProgramCounts" name="test_programs_by_brand" time="0.123" /><testcase classname="backend.tests.test_march_2026_bugfixes.TestMSRPDiscountBugFix" name="test_wagoneer_s_2024_consumer_cash_is_zero" time="0.146" /><testcase classname="backend.tests.test_march_2026_bugfixes.TestMSRPDiscountBugFix" name="test_charger_daytona_rt_2024_consumer_cash_is_zero" time="0.118" /><testcase classname="backend.tests.test_march_2026_bugfixes.TestMSRPDiscountBugFix" name="test_charger_daytona_scat_pack_2024_consumer_cash_is_zero" time="0.127" /><testcase classname="backend.tests.test_march_2026_bugfixes.TestSCILeaseColumnDetectionBugFix" name="test_power_wagon_lease_cash_is_6000" time="0.001" /><testcase classname="backend.tests.test_march_2026_bugfixes.TestSCILeaseColumnDetectionBugFix" name="test_sci_lease_vehicle_count" time="0.000" /><testcase classname="backend.tests.test_march_2026_bugfixes.TestValidationEndpoint" name="test_validate_data_returns_success" time="0.119" /><testcase classname="backend.tests.test_march_2026_bugfixes.TestValidationEndpoint" name="test_validate_data_warnings_count" time="0.130" /><testcase classname="backend.tests.test_march_2026_bugfixes.TestValidationEndpoint" name="test_validate_data_stats" time="0.175" /><testcase classname="backend.tests.test_march_2026_bugfixes.TestExcelGeneration" name="test_download_excel_returns_valid_file" time="0.571" /><testcase classname="backend.tests.test_march_2026_bugfixes.TestExcelGeneration" name="test_excel_financement_sheet_structure" time="0.400" /><testcase classname="backend.tests.test_march_2026_bugfixes.TestExcelGeneration" name="test_excel_rapport_sheet_has_validation" time="0.393" /><testcase classname="backend.tests.test_march_2026_bugfixes.TestLoyaltyMarkers" name="test_loyalty_count_is_17" time="0.144" /><testcase classname="backend.tests.test_march_2026_bugfixes.TestBonusCash" name="test_fiat_500e_2025_bonus_cash_is_5000" time="0.125" /><testcase classname="backend.tests.test_march_2026_bugfixes.TestPDFExtraction" name="test_extract_pdf_returns_correct_counts" time="7.057" /></testsuite></testsuites>