<?xml version="1.0" encoding="utf-8"?><testsuites name="pytest tests"><testsuite name="pytest" errors="0" failures="0" skipped="0" tests="32" time="4.943" timestamp="2026-04-01T16:42:34.854393+00:00" hostname="agent-env-b0b88eb3-70d9-40d9-8337-5ec94abc83ab"><testcase classname="tests.test_km_adjustments_full.TestExpandTermRange" name="test_24_27_range" time="0.038" /><testcase classname="tests.test_km_adjustments_full.TestExpandTermRange" name="test_36_42_range" time="0.000" /><testcase classname="tests.test_km_adjustments_full.TestExpandTermRange" name="test_48_54_range" time="0.000" /><testcase classname="tests.test_km_adjustments_full.TestExpandTermRange" name="test_60_single" time="0.000" /><testcase classname="tests.test_km_adjustments_full.TestExpandTermRange" name="test_dash_variant" time="0.000" /><testcase classname="tests.test_km_adjustments_full.TestParseEnhancementValue" name="test_plus_1" time="0.000" /><testcase classname="tests.test_km_adjustments_full.TestParseEnhancementValue" name="test_plus_5" time="0.000" /><testcase classname="tests.test_km_adjustments_full.TestParseEnhancementValue" name="test_no_plus_sign" time="0.000" /><testcase classname="tests.test_km_adjustments_full.TestParseEnhancementValue" name="test_empty_string" time="0.000" /><testcase classname="tests.test_km_adjustments_full.TestParseEnhancementValue" name="test_none_input" time="0.000" /><testcase classname="tests.test_km_adjustments_full.TestParseGeneralRulesFebruary" name="test_extraction_source_is_extracted" time="0.346" /><testcase classname="tests.test_km_adjustments_full.TestParseGeneralRulesFebruary" name="test_has_18000_and_12000_adjustments" time="0.330" /><testcase classname="tests.test_km_adjustments_full.TestParseGeneralRulesFebruary" name="test_18k_has_all_9_terms" time="0.349" /><testcase classname="tests.test_km_adjustments_full.TestParseGeneralRulesFebruary" name="test_12k_has_all_9_terms" time="0.342" /><testcase classname="tests.test_km_adjustments_full.TestParseGeneralRulesFebruary" name="test_18k_correct_values" time="0.343" /><testcase classname="tests.test_km_adjustments_full.TestParseGeneralRulesFebruary" name="test_12k_correct_values" time="0.348" /><testcase classname="tests.test_km_adjustments_full.TestParseGeneralRulesMarch" name="test_extraction_source_is_extracted" time="0.401" /><testcase classname="tests.test_km_adjustments_full.TestParseGeneralRulesMarch" name="test_march_has_all_9_terms_18k" time="0.403" /><testcase classname="tests.test_km_adjustments_full.TestParseGeneralRulesMarch" name="test_march_has_all_9_terms_12k" time="0.403" /><testcase classname="tests.test_km_adjustments_full.TestSciResidualsAPI" name="test_endpoint_returns_200" time="0.288" /><testcase classname="tests.test_km_adjustments_full.TestSciResidualsAPI" name="test_response_has_km_adjustments" time="0.173" /><testcase classname="tests.test_km_adjustments_full.TestSciResidualsAPI" name="test_km_adjustments_has_adjustments_key" time="0.125" /><testcase classname="tests.test_km_adjustments_full.TestSciResidualsAPI" name="test_adjustments_has_18000" time="0.191" /><testcase classname="tests.test_km_adjustments_full.TestSciResidualsAPI" name="test_adjustments_has_12000" time="0.150" /><testcase classname="tests.test_km_adjustments_full.TestSciResidualsAPI" name="test_18000_has_9_terms" time="0.138" /><testcase classname="tests.test_km_adjustments_full.TestSciResidualsAPI" name="test_12000_has_9_terms" time="0.180" /><testcase classname="tests.test_km_adjustments_full.TestSciResidualsAPI" name="test_18k_60_months_equals_4" time="0.124" /><testcase classname="tests.test_km_adjustments_full.TestSciResidualsAPI" name="test_12k_60_months_equals_5" time="0.108" /><testcase classname="tests.test_km_adjustments_full.TestDefaultKmAdjustments" name="test_defaults_have_18000" time="0.000" /><testcase classname="tests.test_km_adjustments_full.TestDefaultKmAdjustments" name="test_defaults_have_12000" time="0.000" /><testcase classname="tests.test_km_adjustments_full.TestDefaultKmAdjustments" name="test_defaults_18k_has_all_terms" time="0.000" /><testcase classname="tests.test_km_adjustments_full.TestDefaultKmAdjustments" name="test_defaults_12k_has_all_terms" time="0.000" /></testsuite></testsuites>