<?xml version="1.0" encoding="utf-8"?><testsuites name="pytest tests"><testsuite name="pytest" errors="0" failures="0" skipped="0" tests="11" time="8.602" timestamp="2026-03-03T18:32:18.739106+00:00" hostname="agent-env-4fd9e7ef-aaaf-45b8-b9c0-ee6390036905"><testcase classname="tests.test_crm_offers_history.TestComparePrograms" name="test_compare_programs_returns_200" time="1.372" /><testcase classname="tests.test_crm_offers_history.TestComparePrograms" name="test_compare_programs_returns_better_offers_array" time="1.098" /><testcase classname="tests.test_crm_offers_history.TestComparePrograms" name="test_compare_programs_offers_have_payments_by_term" time="1.137" /><testcase classname="tests.test_crm_offers_history.TestComparePrograms" name="test_compare_programs_offers_structure" time="1.254" /><testcase classname="tests.test_crm_offers_history.TestBetterOffers" name="test_get_better_offers_returns_200" time="0.121" /><testcase classname="tests.test_crm_offers_history.TestBetterOffers" name="test_get_better_offers_returns_array" time="0.151" /><testcase classname="tests.test_crm_offers_history.TestBetterOffers" name="test_stored_offers_have_payments_by_term" time="1.186" /><testcase classname="tests.test_crm_offers_history.TestSubmissions" name="test_get_submissions_returns_200" time="0.123" /><testcase classname="tests.test_crm_offers_history.TestSubmissions" name="test_submissions_have_required_fields" time="0.114" /><testcase classname="tests.test_crm_offers_history.TestPaymentsByTermCalculation" name="test_payments_decrease_with_longer_terms" time="1.058" /><testcase classname="tests.test_crm_offers_history.TestPaymentsByTermCalculation" name="test_client_term_highlighted_correctly" time="0.916" /></testsuite></testsuites>