<?xml version="1.0" encoding="utf-8"?><testsuites name="pytest tests"><testsuite name="pytest" errors="0" failures="0" skipped="0" tests="9" time="4.177" timestamp="2026-03-03T02:08:57.707790+00:00" hostname="agent-env-d44288ee-bcc3-428c-9ce6-05801edacb91"><testcase classname="backend.tests.test_corrections_system.TestCorrectionsEndpoints" name="test_get_corrections_endpoint_returns_valid_response" time="0.255" /><testcase classname="backend.tests.test_corrections_system.TestCorrectionsEndpoints" name="test_correction_structure_has_required_fields" time="0.134" /><testcase classname="backend.tests.test_corrections_system.TestCorrectionsEndpoints" name="test_delete_all_corrections_requires_password" time="0.117" /><testcase classname="backend.tests.test_corrections_system.TestCorrectionsEndpoints" name="test_delete_all_corrections_with_wrong_password" time="0.113" /><testcase classname="backend.tests.test_corrections_system.TestCorrectionsEndpoints" name="test_delete_all_corrections_with_correct_password" time="0.123" /><testcase classname="backend.tests.test_corrections_system.TestExcelImportCreatesCorrections" name="test_excel_import_creates_correction_when_value_changed" time="0.753" /><testcase classname="backend.tests.test_corrections_system.TestCorrectionFieldsStructure" name="test_correction_corrected_values_contains_expected_fields" time="0.802" /><testcase classname="backend.tests.test_corrections_system.TestCorrectionsCountAfterImport" name="test_correction_count_increases_after_excel_import_with_changes" time="0.916" /><testcase classname="backend.tests.test_corrections_system.TestDeleteSpecificCorrection" name="test_delete_specific_correction" time="0.753" /></testsuite></testsuites>