<?xml version="1.0" encoding="utf-8"?><testsuites name="pytest tests"><testsuite name="pytest" errors="0" failures="0" skipped="0" tests="58" time="6.088" timestamp="2026-04-01T20:09:00.248137+00:00" hostname="agent-env-b0b88eb3-70d9-40d9-8337-5ec94abc83ab"><testcase classname="tests.test_ci_unit.TestDetectBrand" name="test_detect_ram" time="0.027" /><testcase classname="tests.test_ci_unit.TestDetectBrand" name="test_detect_jeep" time="0.000" /><testcase classname="tests.test_ci_unit.TestDetectBrand" name="test_detect_dodge" time="0.000" /><testcase classname="tests.test_ci_unit.TestDetectBrand" name="test_detect_chrysler" time="0.000" /><testcase classname="tests.test_ci_unit.TestDetectBrand" name="test_detect_jeep_cherokee" time="0.000" /><testcase classname="tests.test_ci_unit.TestParseDollar" name="test_parse_dollar_simple" time="0.000" /><testcase classname="tests.test_ci_unit.TestParseDollar" name="test_parse_dollar_no_symbol" time="0.000" /><testcase classname="tests.test_ci_unit.TestParseDollar" name="test_parse_dollar_with_comma" time="0.001" /><testcase classname="tests.test_ci_unit.TestParseDollar" name="test_parse_dollar_zero" time="0.000" /><testcase classname="tests.test_ci_unit.TestParseDollar" name="test_parse_dollar_none" time="0.000" /><testcase classname="tests.test_ci_unit.TestParseRate" name="test_parse_rate_percent" time="0.000" /><testcase classname="tests.test_ci_unit.TestParseRate" name="test_parse_rate_zero" time="0.000" /><testcase classname="tests.test_ci_unit.TestParseRate" name="test_parse_rate_no_percent" time="0.000" /><testcase classname="tests.test_ci_unit.TestDetectLoyalty" name="test_loyalty_half_percent" time="0.000" /><testcase classname="tests.test_ci_unit.TestDetectLoyalty" name="test_loyalty_one_percent" time="0.000" /><testcase classname="tests.test_ci_unit.TestDetectLoyalty" name="test_no_loyalty" time="0.000" /><testcase classname="tests.test_ci_unit.TestDetectLoyalty" name="test_empty_text" time="0.000" /><testcase classname="tests.test_ci_unit.TestParseIncentiveText" name="test_rate_and_term" time="0.000" /><testcase classname="tests.test_ci_unit.TestParseIncentiveText" name="test_consumer_cash" time="0.000" /><testcase classname="tests.test_ci_unit.TestParseIncentiveText" name="test_alternative" time="0.000" /><testcase classname="tests.test_ci_unit.TestMonthlyPaymentCalculation" name="test_zero_rate" time="0.000" /><testcase classname="tests.test_ci_unit.TestMonthlyPaymentCalculation" name="test_standard_rate" time="0.000" /><testcase classname="tests.test_ci_unit.TestMonthlyPaymentCalculation" name="test_zero_principal" time="0.000" /><testcase classname="tests.test_ci_unit.TestDeferredPaymentCalculation" name="test_deferred_capitalizes_2_months" time="0.000" /><testcase classname="tests.test_ci_unit.TestDeferredPaymentCalculation" name="test_84_month_eligible" time="0.000" /><testcase classname="tests.test_ci_unit.TestDeferredPaymentCalculation" name="test_96_month_ineligible" time="0.000" /><testcase classname="tests.test_ci_unit.TestDeferredPaymentCalculation" name="test_deferred_increases_payment" time="0.000" /><testcase classname="tests.test_ci_unit.TestDeferredPaymentCalculation" name="test_zero_rate_no_deferred_effect" time="0.000" /><testcase classname="tests.test_ci_unit.TestCombinedLoyaltyAndDeferred" name="test_loyalty_reduces_rate_before_capitalization" time="0.000" /><testcase classname="tests.test_ci_unit.TestCombinedLoyaltyAndDeferred" name="test_all_terms_eligibility" time="0.000" /><testcase classname="tests.test_ci_unit.TestMetadataFileStructure" name="test_feb_metadata_structure" time="0.000" /><testcase classname="tests.test_ci_unit.TestMetadataFileStructure" name="test_mar_metadata_structure" time="0.000" /><testcase classname="tests.test_km_adjustments.TestTermExpansion" name="test_24_27" time="0.000" /><testcase classname="tests.test_km_adjustments.TestTermExpansion" name="test_36_42" time="0.000" /><testcase classname="tests.test_km_adjustments.TestTermExpansion" name="test_48_54" time="0.000" /><testcase classname="tests.test_km_adjustments.TestTermExpansion" name="test_60_single" time="0.000" /><testcase classname="tests.test_km_adjustments.TestTermExpansion" name="test_60_no_suffix" time="0.000" /><testcase classname="tests.test_km_adjustments.TestTermExpansion" name="test_dash_variant" time="0.009" /><testcase classname="tests.test_km_adjustments.TestTermExpansion" name="test_empty" time="0.000" /><testcase classname="tests.test_km_adjustments.TestEnhancementParsing" name="test_plus_1" time="0.000" /><testcase classname="tests.test_km_adjustments.TestEnhancementParsing" name="test_plus_5" time="0.000" /><testcase classname="tests.test_km_adjustments.TestEnhancementParsing" name="test_no_plus" time="0.000" /><testcase classname="tests.test_km_adjustments.TestEnhancementParsing" name="test_empty" time="0.000" /><testcase classname="tests.test_km_adjustments.TestEnhancementParsing" name="test_none" time="0.000" /><testcase classname="tests.test_km_adjustments.TestParseGeneralRules" name="test_feb_extraction_source" time="0.334" /><testcase classname="tests.test_km_adjustments.TestParseGeneralRules" name="test_feb_has_both_km_types" time="0.344" /><testcase classname="tests.test_km_adjustments.TestParseGeneralRules" name="test_feb_18k_values" time="0.346" /><testcase classname="tests.test_km_adjustments.TestParseGeneralRules" name="test_feb_12k_values" time="0.347" /><testcase classname="tests.test_km_adjustments.TestParseGeneralRules" name="test_feb_standard_km" time="0.348" /><testcase classname="tests.test_km_adjustments.TestParseGeneralRules" name="test_march_extraction_source" time="0.407" /><testcase classname="tests.test_km_adjustments.TestParseGeneralRules" name="test_march_all_terms_covered" time="0.408" /><testcase classname="tests.test_km_adjustments.TestDefaultFallback" name="test_defaults_structure" time="0.000" /><testcase classname="tests.test_residual_guide_upload.TestResidualGuideUpload" name="test_upload_with_auto_detection" time="2.704" /><testcase classname="tests.test_residual_guide_upload.TestResidualGuideUpload" name="test_upload_wrong_password" time="0.430" /><testcase classname="tests.test_residual_guide_upload.TestSCIResidualsAPI" name="test_get_residuals_march_2026" time="0.162" /><testcase classname="tests.test_residual_guide_upload.TestSCIResidualsAPI" name="test_get_residuals_latest" time="0.141" /><testcase classname="tests.test_residual_guide_upload.TestKMAdjustmentsExtraction" name="test_km_adjustments_file_created" time="0.000" /><testcase classname="tests.test_residual_guide_upload.TestKMAdjustmentsExtraction" name="test_residuals_file_has_french_name" time="0.001" /></testsuite></testsuites>