<?xml version="1.0" encoding="utf-8"?><testsuites name="pytest tests"><testsuite name="pytest" errors="0" failures="0" skipped="0" tests="16" time="9.125" timestamp="2026-03-13T14:21:55.647313+00:00" hostname="agent-env-14492b51-2fb4-448b-b548-a445ac75ab3f"><testcase classname="tests.test_excel_export_march2026.TestDownloadExcelEndpoint" name="test_download_excel_returns_200" time="0.555" /><testcase classname="tests.test_excel_export_march2026.TestDownloadExcelEndpoint" name="test_excel_has_financement_sheet" time="0.345" /><testcase classname="tests.test_excel_export_march2026.TestDownloadExcelEndpoint" name="test_excel_has_sci_lease_sheet" time="0.372" /><testcase classname="tests.test_excel_export_march2026.TestExcelStructure" name="test_freeze_panes_at_f4" time="0.367" /><testcase classname="tests.test_excel_export_march2026.TestExcelStructure" name="test_headers_in_row_3" time="0.341" /><testcase classname="tests.test_excel_export_march2026.TestExcelStructure" name="test_program_count" time="0.381" /><testcase classname="tests.test_excel_export_march2026.TestVehicleData" name="test_compass_north_2026" time="0.341" /><testcase classname="tests.test_excel_export_march2026.TestVehicleData" name="test_durango_srt_hellcat_2026" time="0.383" /><testcase classname="tests.test_excel_export_march2026.TestVehicleData" name="test_fiat_500e_2025" time="0.412" /><testcase classname="tests.test_excel_export_march2026.TestVehicleData" name="test_ram_1500_laramie_2026_opt2_rates" time="0.378" /><testcase classname="tests.test_excel_export_march2026.TestNoDataTruncation" name="test_no_truncated_vehicle_names" time="0.391" /><testcase classname="tests.test_excel_export_march2026.TestNoDataTruncation" name="test_long_trim_names_complete" time="0.349" /><testcase classname="tests.test_excel_export_march2026.TestParserLoyaltyDetection" name="test_parser_loyalty_detection_columns" time="1.949" /><testcase classname="tests.test_excel_export_march2026.TestParserLoyaltyDetection" name="test_loyalty_wrangler_rubicon" time="1.946" /><testcase classname="tests.test_excel_export_march2026.TestAPIDataAccuracy" name="test_compass_north_via_api" time="0.134" /><testcase classname="tests.test_excel_export_march2026.TestAPIDataAccuracy" name="test_fiat_500e_2025_bonus_via_api" time="0.216" /></testsuite></testsuites>