<?xml version="1.0" encoding="utf-8"?><testsuites name="pytest tests"><testsuite name="pytest" errors="0" failures="0" skipped="0" tests="8" time="1.160" timestamp="2026-03-02T20:51:47.917181+00:00" hostname="agent-env-d44288ee-bcc3-428c-9ce6-05801edacb91"><testcase classname="tests.test_alternative_consumer_cash.TestProgramsAPIAlternativeConsumerCash" name="test_programs_endpoint_returns_alternative_consumer_cash" time="0.214" /><testcase classname="tests.test_alternative_consumer_cash.TestProgramsAPIAlternativeConsumerCash" name="test_programs_with_option2_rates_structure" time="0.140" /><testcase classname="tests.test_alternative_consumer_cash.TestProgramsAPIAlternativeConsumerCash" name="test_chrysler_grand_caravan_2025_has_option2" time="0.116" /><testcase classname="tests.test_alternative_consumer_cash.TestUserAuthentication" name="test_login_with_valid_credentials" time="0.115" /><testcase classname="tests.test_alternative_consumer_cash.TestCalculatorLogic" name="test_program_data_for_calculation" time="0.137" /><testcase classname="tests.test_alternative_consumer_cash.TestCalculatorLogic" name="test_all_programs_have_complete_rate_structure" time="0.105" /><testcase classname="tests.test_alternative_consumer_cash.TestAPIHealth" name="test_api_ping" time="0.151" /><testcase classname="tests.test_alternative_consumer_cash.TestAPIHealth" name="test_periods_endpoint" time="0.126" /></testsuite></testsuites>